2025-09-16 16:11:48	WARN	immoments::::casa	The moment parameter tests will cause errors to occur, do not be alarmed
2025-09-16 16:11:48	SEVERE	immoments::image::moments (file src/tools/image/image_cmpt.cc, line 3906)	Exception Reported: Exception: Illegal moment requested.
2025-09-16 16:11:48	SEVERE	immoments::image::moments (file src/tools/image/image_cmpt.cc, line 3906)+	... thrown by std::shared_ptr<casacore::ImageInterface<T> > casa::ImageMomentsTask<T>::makeMoments() const [with T = float] at File: /source/casainstall/include/casacpp/imageanalysis/ImageAnalysis/ImageMomentsTask.tcc, line: 63
2025-09-16 16:11:48	SEVERE	immoments::::casa	Task immoments raised an exception of class RuntimeError with the following message: Exception: Illegal moment requested.
2025-09-16 16:11:48	SEVERE	immoments::::casa+	... thrown by std::shared_ptr<casacore::ImageInterface<T> > casa::ImageMomentsTask<T>::makeMoments() const [with T = float] at File: /source/casainstall/include/casacpp/imageanalysis/ImageAnalysis/ImageMomentsTask.tcc, line: 63
2025-09-16 16:11:48	SEVERE	immoments::image::moments (file src/tools/image/image_cmpt.cc, line 3906)	Exception Reported: Exception: Illegal moment requested.
2025-09-16 16:11:48	SEVERE	immoments::image::moments (file src/tools/image/image_cmpt.cc, line 3906)+	... thrown by std::shared_ptr<casacore::ImageInterface<T> > casa::ImageMomentsTask<T>::makeMoments() const [with T = float] at File: /source/casainstall/include/casacpp/imageanalysis/ImageAnalysis/ImageMomentsTask.tcc, line: 63
2025-09-16 16:11:48	SEVERE	immoments::::casa	Task immoments raised an exception of class RuntimeError with the following message: Exception: Illegal moment requested.
2025-09-16 16:11:48	SEVERE	immoments::::casa+	... thrown by std::shared_ptr<casacore::ImageInterface<T> > casa::ImageMomentsTask<T>::makeMoments() const [with T = float] at File: /source/casainstall/include/casacpp/imageanalysis/ImageAnalysis/ImageMomentsTask.tcc, line: 63
2025-09-16 16:11:48	SEVERE	immoments::image::moments (file src/tools/image/image_cmpt.cc, line 3906)	Exception Reported: Exception: Illegal moment requested.
2025-09-16 16:11:48	SEVERE	immoments::image::moments (file src/tools/image/image_cmpt.cc, line 3906)+	... thrown by std::shared_ptr<casacore::ImageInterface<T> > casa::ImageMomentsTask<T>::makeMoments() const [with T = float] at File: /source/casainstall/include/casacpp/imageanalysis/ImageAnalysis/ImageMomentsTask.tcc, line: 63
2025-09-16 16:11:48	SEVERE	immoments::::casa	Task immoments raised an exception of class RuntimeError with the following message: Exception: Illegal moment requested.
2025-09-16 16:11:48	SEVERE	immoments::::casa+	... thrown by std::shared_ptr<casacore::ImageInterface<T> > casa::ImageMomentsTask<T>::makeMoments() const [with T = float] at File: /source/casainstall/include/casacpp/imageanalysis/ImageAnalysis/ImageMomentsTask.tcc, line: 63
2025-09-16 16:11:48	SEVERE	immoments::image::moments (file src/tools/image/image_cmpt.cc, line 3906)	Exception Reported: Exception: Illegal moment requested.
2025-09-16 16:11:48	SEVERE	immoments::image::moments (file src/tools/image/image_cmpt.cc, line 3906)+	... thrown by std::shared_ptr<casacore::ImageInterface<T> > casa::ImageMomentsTask<T>::makeMoments() const [with T = float] at File: /source/casainstall/include/casacpp/imageanalysis/ImageAnalysis/ImageMomentsTask.tcc, line: 63
2025-09-16 16:11:48	SEVERE	immoments::::casa	Task immoments raised an exception of class RuntimeError with the following message: Exception: Illegal moment requested.
2025-09-16 16:11:48	SEVERE	immoments::::casa+	... thrown by std::shared_ptr<casacore::ImageInterface<T> > casa::ImageMomentsTask<T>::makeMoments() const [with T = float] at File: /source/casainstall/include/casacpp/imageanalysis/ImageAnalysis/ImageMomentsTask.tcc, line: 63
2025-09-16 16:11:53	WARN	immoments::::casa	The axis parameter tests will cause errors to occur, do not be alarmed
2025-09-16 16:11:53	SEVERE	immoments::::casa	Task immoments raised an exception of class ValueError with the following message: Output file, input_test_bad_axis exists. immoment can not proceed, please
2025-09-16 16:11:53	SEVERE	immoments::::casa+	remove it or change the output file name.
2025-09-16 16:11:53	SEVERE	immoments::CoordinateSystem::getWorldAxesOrder (file /source/casa6/casatools/casacore/coordinates/Coordinates/CoordinateSystem.cc, line 4665)	No axis matches requested axis whatever. Image axis names are [right ascension, declination, stokes, frequency]
2025-09-16 16:11:53	SEVERE	immoments::coordsys::findaxisbyname	Error: 2025-09-16 16:11:53	SEVERE	immoments::CoordinateSystem::getWorldAxesOrder (file /source/casa6/casatools/casacore/coordinates/Coordinates/CoordinateSystem.cc, line 4665)	No axis matches requested axis whatever. Image axis names are [right ascension, declination, stokes, frequency]
2025-09-16 16:11:53	SEVERE	immoments::::casa	Task immoments raised an exception of class RuntimeError with the following message: 2025-09-16 16:11:53	SEVERE	immoments::CoordinateSystem::getWorldAxesOrder (file /source/casa6/casatools/casacore/coordinates/Coordinates/CoordinateSystem.cc, line 4665)	No axis matches requested axis whatever. Image axis names are [right ascension, declination, stokes, frequency]
2025-09-16 16:11:53	WARN	immoments::::casa	The axis parameter tests will cause errors to occur, do not be alarmed
2025-09-16 16:11:53	SEVERE	immoments::regionmanager::frombcs	Exception Reported: Unable to open region file or region table description garbage.rgn.
2025-09-16 16:11:53	SEVERE	immoments::regionmanager::frombcs+	If it is supposed to be a text string its format is incorrect at File: /source/casa6/casatools/src/code/imageanalysis/Regions/CasacRegionManager.cc, line: 497
2025-09-16 16:11:53	SEVERE	immoments::::casa	Task immoments raised an exception of class RuntimeError with the following message: Unable to open region file or region table description garbage.rgn.
2025-09-16 16:11:53	SEVERE	immoments::::casa+	If it is supposed to be a text string its format is incorrect at File: /source/casa6/casatools/src/code/imageanalysis/Regions/CasacRegionManager.cc, line: 497
2025-09-16 16:11:53	SEVERE	immoments::regionmanager::frombcs	Exception Reported: garbage.rgn is neither a valid binary region file, nor a valid region text file. at File: /source/casa6/casatools/src/code/imageanalysis/Regions/CasacRegionManager.cc, line: 428
2025-09-16 16:11:53	SEVERE	immoments::::casa	Task immoments raised an exception of class RuntimeError with the following message: garbage.rgn is neither a valid binary region file, nor a valid region text file. at File: /source/casa6/casatools/src/code/imageanalysis/Regions/CasacRegionManager.cc, line: 428
2025-09-16 16:11:53	WARN	immoments::::casa	The BOX parameter tests will cause errors to occur, do not be alarmed
2025-09-16 16:11:53	SEVERE	immoments::CasacRegionManager::_fromBCS	blc in box spec is less than 0
2025-09-16 16:11:53	SEVERE	immoments::regionmanager::frombcs	Exception Reported: 2025-09-16 16:11:53	SEVERE	immoments::CasacRegionManager::_fromBCS	blc in box spec is less than 0
2025-09-16 16:11:53	SEVERE	immoments::::casa	Task immoments raised an exception of class RuntimeError with the following message: 2025-09-16 16:11:53	SEVERE	immoments::CasacRegionManager::_fromBCS	blc in box spec is less than 0
2025-09-16 16:11:53	SEVERE	immoments::CasacRegionManager::_fromBCS	blc in box spec is less than 0
2025-09-16 16:11:53	SEVERE	immoments::regionmanager::frombcs	Exception Reported: 2025-09-16 16:11:53	SEVERE	immoments::CasacRegionManager::_fromBCS	blc in box spec is less than 0
2025-09-16 16:11:53	SEVERE	immoments::::casa	Task immoments raised an exception of class RuntimeError with the following message: 2025-09-16 16:11:53	SEVERE	immoments::CasacRegionManager::_fromBCS	blc in box spec is less than 0
2025-09-16 16:11:53	SEVERE	immoments::CasacRegionManager::_fromBCS	blc in box spec is less than 0
2025-09-16 16:11:53	SEVERE	immoments::regionmanager::frombcs	Exception Reported: 2025-09-16 16:11:53	SEVERE	immoments::CasacRegionManager::_fromBCS	blc in box spec is less than 0
2025-09-16 16:11:53	SEVERE	immoments::::casa	Task immoments raised an exception of class RuntimeError with the following message: 2025-09-16 16:11:53	SEVERE	immoments::CasacRegionManager::_fromBCS	blc in box spec is less than 0
2025-09-16 16:11:53	SEVERE	immoments::CasacRegionManager::_fromBCS	blc in box spec is less than 0
2025-09-16 16:11:53	SEVERE	immoments::regionmanager::frombcs	Exception Reported: 2025-09-16 16:11:53	SEVERE	immoments::CasacRegionManager::_fromBCS	blc in box spec is less than 0
2025-09-16 16:11:53	SEVERE	immoments::::casa	Task immoments raised an exception of class RuntimeError with the following message: 2025-09-16 16:11:53	SEVERE	immoments::CasacRegionManager::_fromBCS	blc in box spec is less than 0
2025-09-16 16:11:53	SEVERE	immoments::CasacRegionManager::_fromBCS	trc in box spec is greater than or equal to number of direction coordinate pixels in the image
2025-09-16 16:11:53	SEVERE	immoments::regionmanager::frombcs	Exception Reported: 2025-09-16 16:11:53	SEVERE	immoments::CasacRegionManager::_fromBCS	trc in box spec is greater than or equal to number of direction coordinate pixels in the image
2025-09-16 16:11:53	SEVERE	immoments::::casa	Task immoments raised an exception of class RuntimeError with the following message: 2025-09-16 16:11:53	SEVERE	immoments::CasacRegionManager::_fromBCS	trc in box spec is greater than or equal to number of direction coordinate pixels in the image
2025-09-16 16:11:53	WARN	immoments::::casa	The CHANS parameter tests will cause errors to occur, do not be alarmed
2025-09-16 16:11:53	SEVERE	immoments::regionmanager::frombcs	Exception Reported: Invalid channel specification in -5 of spec -5 at File: /source/casa6/casatools/src/code/imageanalysis/IO/ParameterParser.cc, line: 173
2025-09-16 16:11:53	SEVERE	immoments::::casa	Task immoments raised an exception of class RuntimeError with the following message: Invalid channel specification in -5 of spec -5 at File: /source/casa6/casatools/src/code/imageanalysis/IO/ParameterParser.cc, line: 173
2025-09-16 16:11:53	SEVERE	immoments::regionmanager::frombcs	Exception Reported: Exception: Zero-based max channel 18 must be less than the total number of channels (18) in the channel specification 18.
2025-09-16 16:11:53	SEVERE	immoments::regionmanager::frombcs+	... thrown by static std::vector<unsigned int> casa::ParameterParser::spectralRangesFromChans(casacore::uInt&, const casacore::String&, casacore::uInt) at File: /source/casa6/casatools/src/code/imageanalysis/IO/ParameterParser.cc, line: 183
2025-09-16 16:11:53	SEVERE	immoments::::casa	Task immoments raised an exception of class RuntimeError with the following message: Exception: Zero-based max channel 18 must be less than the total number of channels (18) in the channel specification 18.
2025-09-16 16:11:53	SEVERE	immoments::::casa+	... thrown by static std::vector<unsigned int> casa::ParameterParser::spectralRangesFromChans(casacore::uInt&, const casacore::String&, casacore::uInt) at File: /source/casa6/casatools/src/code/imageanalysis/IO/ParameterParser.cc, line: 183
2025-09-16 16:11:54	WARN	immoments::::casa	The STOKES parameter tests will cause errors to occur, do not be alarmed
2025-09-16 16:11:54	SEVERE	immoments::regionmanager::frombcs	Exception Reported: LCBox::LCBox - blc [0, 0, 0, 0] must be <= trc [799, 799, -2147483648, 17]
2025-09-16 16:11:54	SEVERE	immoments::::casa	Task immoments raised an exception of class RuntimeError with the following message: LCBox::LCBox - blc [0, 0, 0, 0] must be <= trc [799, 799, -2147483648, 17]
2025-09-16 16:11:54	WARN	immoments::::casa	The MASK parameter tests will cause errors to occur, do not be alarmed
2025-09-16 16:11:54	SEVERE	immoments::image::moments (file src/tools/image/image_cmpt.cc, line 3906)	Exception Reported: Input mask specification is incorrect: ImageExprParse: 'blarg' is an unknown lattice or image or it is an unqualified region
2025-09-16 16:11:54	SEVERE	immoments::image::moments (file src/tools/image/image_cmpt.cc, line 3906)+	Scanned so far: blarg>= at File: /source/casainstall/include/casacpp/imageanalysis/ImageAnalysis/SubImageFactory.tcc, line: 289
2025-09-16 16:11:54	SEVERE	immoments::::casa	Task immoments raised an exception of class RuntimeError with the following message: Input mask specification is incorrect: ImageExprParse: 'blarg' is an unknown lattice or image or it is an unqualified region
2025-09-16 16:11:54	SEVERE	immoments::::casa+	Scanned so far: blarg>= at File: /source/casainstall/include/casacpp/imageanalysis/ImageAnalysis/SubImageFactory.tcc, line: 289
2025-09-16 16:11:54	WARN	immoments::::casa	The INCLUDEPIX parameter tests will cause errors to occur, do not be alarmed
2025-09-16 16:11:55	WARN	immoments::::casa	The EXCLUDEPIX parameter tests will cause errors to occur, do not be alarmed
2025-09-16 16:11:55	SEVERE	immoments::::casa	Task immoments raised an exception of class ValueError with the following message: Output file, input_test_outfile_1 exists. immoment can not proceed, please
2025-09-16 16:11:55	SEVERE	immoments::::casa+	remove it or change the output file name.
