{"name": "test_rmfit_basics", "status": "failed", "statusDetails": {"message": "AssertionError: False is not true", "trace": "casatasks/test_task_rmfit.py:269: in test_rmfit_basics\n    self.assertTrue(len(tb.showcache()) == 0)\nE   AssertionError: False is not true"}, "description": "Sanity tests for task rmfit", "attachments": [{"name": "stderr", "source": "f755da93-f6dc-47ce-aed6-3433d2bfed13-attachment.txt", "type": "text/plain"}], "start": 1758041927905, "stop": 1758041928020, "uuid": "49dca84d-75a8-4a5f-9f7f-dfbaf6a509ba", "historyId": "2613f89d050a7732e4e17e06e2702c92", "testCaseId": "2613f89d050a7732e4e17e06e2702c92", "fullName": "casatasks.test_task_rmfit.rmfit_test#test_rmfit_basics", "labels": [{"name": "parentSuite", "value": "casatasks"}, {"name": "suite", "value": "test_task_rmfit"}, {"name": "subSuite", "value": "rmfit_test"}, {"name": "host", "value": "casa-rockylinux8-amd64-perf07"}, {"name": "thread", "value": "597558-MainThread"}, {"name": "framework", "value": "pytest"}, {"name": "language", "value": "cpython3"}, {"name": "package", "value": "casatasks.test_task_rmfit"}], "titlePath": ["casatasks", "test_task_rmfit.py", "rmfit_test"]}