{"name": "test_createImage_regression01", "status": "failed", "statusDetails": {"message": "AssertionError: False is not true : Observed: 691, Expected: 864", "trace": "casatasks/test_task_plotbandpass.py:105: in test_createImage_regression01\n    self.assertTrue(width == 864,\"Observed: {}, Expected: {}\".format(width, 864) )\nE   AssertionError: False is not true : Observed: 691, Expected: 864"}, "description": "test_plotbandpass: test_createImage_regression01", "attachments": [{"name": "stdout", "source": "97f16b3f-c9c4-4c9e-8e8e-6c7460f724cc-attachment.txt", "type": "text/plain"}, {"name": "stderr", "source": "40b00e71-c90a-479a-87aa-3c9a504c531c-attachment.txt", "type": "text/plain"}], "start": 1758040793593, "stop": 1758040798221, "uuid": "4508d477-6a14-4fb9-be5c-706b4feaabda", "historyId": "8bdcfd11d89d15b4ac87cda3131fc04a", "testCaseId": "8bdcfd11d89d15b4ac87cda3131fc04a", "fullName": "casatasks.test_task_plotbandpass.plotbandpass_1_test#test_createImage_regression01", "labels": [{"name": "parentSuite", "value": "casatasks"}, {"name": "suite", "value": "test_task_plotbandpass"}, {"name": "subSuite", "value": "plotbandpass_1_test"}, {"name": "host", "value": "casa-rockylinux8-amd64-perf07"}, {"name": "thread", "value": "597558-MainThread"}, {"name": "framework", "value": "pytest"}, {"name": "language", "value": "cpython3"}, {"name": "package", "value": "casatasks.test_task_plotbandpass"}], "titlePath": ["casatasks", "test_task_plotbandpass.py", "plotbandpass_1_test"]}