{"name": "test_createImage_regression10", "status": "failed", "statusDetails": {"message": "AssertionError: False is not true : Observed: 691, Expected: 864", "trace": "casatasks/test_task_plotbandpass.py:249: in test_createImage_regression10\n    self.assertTrue(width == 864,\"Observed: {}, Expected: {}\".format(width, 864) )\nE   AssertionError: False is not true : Observed: 691, Expected: 864"}, "description": "test_plotbandpass: test_createImage_regression10", "attachments": [{"name": "stdout", "source": "62f026af-54f0-466f-bdcf-6146948e83f5-attachment.txt", "type": "text/plain"}, {"name": "stderr", "source": "8ba0a607-f376-4d06-968a-e13421bd74e8-attachment.txt", "type": "text/plain"}], "start": 1758041011370, "stop": 1758041032110, "uuid": "a16c9d6d-8818-48e6-b4f8-fd9127aeb155", "historyId": "21d4ec98b8a2926d28614824dab5d907", "testCaseId": "21d4ec98b8a2926d28614824dab5d907", "fullName": "casatasks.test_task_plotbandpass.plotbandpass_1_test#test_createImage_regression10", "labels": [{"name": "parentSuite", "value": "casatasks"}, {"name": "suite", "value": "test_task_plotbandpass"}, {"name": "subSuite", "value": "plotbandpass_1_test"}, {"name": "host", "value": "casa-rockylinux8-amd64-perf07"}, {"name": "thread", "value": "597558-MainThread"}, {"name": "framework", "value": "pytest"}, {"name": "language", "value": "cpython3"}, {"name": "package", "value": "casatasks.test_task_plotbandpass"}], "titlePath": ["casatasks", "test_task_plotbandpass.py", "plotbandpass_1_test"]}