{"name": "test_createImage_regression04", "status": "failed", "statusDetails": {"message": "AssertionError: False is not true : Observed: 691, Expected: 864", "trace": "casatasks/test_task_plotbandpass.py:194: in test_createImage_regression04\n    self.assertTrue(width == 864,\"Observed: {}, Expected: {}\".format(width, 864) )\nE   AssertionError: False is not true : Observed: 691, Expected: 864"}, "description": "test_plotbandpass: test_createImage_regression04", "attachments": [{"name": "stdout", "source": "26e7e74a-b728-4e85-b194-efb483813b6c-attachment.txt", "type": "text/plain"}, {"name": "stderr", "source": "375d5eea-61a7-4ea1-b519-2e7f6089f97e-attachment.txt", "type": "text/plain"}], "start": 1758040821112, "stop": 1758040825129, "uuid": "4a00b024-2620-4053-bea8-265c58c6e96a", "historyId": "51bda76ad5346001b39d5b3a93d003c7", "testCaseId": "51bda76ad5346001b39d5b3a93d003c7", "fullName": "casatasks.test_task_plotbandpass.plotbandpass_1_test#test_createImage_regression04", "labels": [{"name": "parentSuite", "value": "casatasks"}, {"name": "suite", "value": "test_task_plotbandpass"}, {"name": "subSuite", "value": "plotbandpass_1_test"}, {"name": "host", "value": "casa-rockylinux8-amd64-perf07"}, {"name": "thread", "value": "597558-MainThread"}, {"name": "framework", "value": "pytest"}, {"name": "language", "value": "cpython3"}, {"name": "package", "value": "casatasks.test_task_plotbandpass"}], "titlePath": ["casatasks", "test_task_plotbandpass.py", "plotbandpass_1_test"]}