{"name": "test_rrlonly", "status": "failed", "statusDetails": {"message": "AssertionError: False is not true", "trace": "casatasks/test_task_slsearch.py:128: in tearDown\n    self.assertTrue(len(_tb.showcache()) == 0)\nE   AssertionError: False is not true"}, "description": " test various settings of the rrlonly parameter", "start": 1758043975179, "stop": 1758043975603, "uuid": "cddcea78-9979-4c23-860e-1902f5cc264e", "historyId": "3b0d49bc74cfa565d747d1bccac9c662", "testCaseId": "3b0d49bc74cfa565d747d1bccac9c662", "fullName": "casatasks.test_task_slsearch.slsearch_test#test_rrlonly", "labels": [{"name": "parentSuite", "value": "casatasks"}, {"name": "suite", "value": "test_task_slsearch"}, {"name": "subSuite", "value": "slsearch_test"}, {"name": "host", "value": "casa-rockylinux8-amd64-perf07"}, {"name": "thread", "value": "597558-MainThread"}, {"name": "framework", "value": "pytest"}, {"name": "language", "value": "cpython3"}, {"name": "package", "value": "casatasks.test_task_slsearch"}], "titlePath": ["casatasks", "test_task_slsearch.py", "slsearch_test"]}