{"name": "test_eu", "status": "failed", "statusDetails": {"message": "AssertionError: False is not true", "trace": "casatasks/test_task_slsearch.py:128: in tearDown\n    self.assertTrue(len(_tb.showcache()) == 0)\nE   AssertionError: False is not true"}, "description": " test various settings of the eu parameter", "start": 1758043971513, "stop": 1758043972227, "uuid": "3aff7bb6-96a8-4030-b537-6723d32060c9", "historyId": "25b79425a452718629a1ad5b4187f0d7", "testCaseId": "25b79425a452718629a1ad5b4187f0d7", "fullName": "casatasks.test_task_slsearch.slsearch_test#test_eu", "labels": [{"name": "parentSuite", "value": "casatasks"}, {"name": "suite", "value": "test_task_slsearch"}, {"name": "subSuite", "value": "slsearch_test"}, {"name": "host", "value": "casa-rockylinux8-amd64-perf07"}, {"name": "thread", "value": "597558-MainThread"}, {"name": "framework", "value": "pytest"}, {"name": "language", "value": "cpython3"}, {"name": "package", "value": "casatasks.test_task_slsearch"}], "titlePath": ["casatasks", "test_task_slsearch.py", "slsearch_test"]}