{"name": "test_7", "status": "failed", "statusDetails": {"message": "AssertionError: False is not true", "trace": "casatasks/test_task_specfit.py:94: in tearDown\n    self.assertTrue(len(self._tb.showcache()) == 0)\nE   AssertionError: False is not true"}, "description": "test results of non-multi-pixel one gaussian fit with estimates file keeping peak fixed", "start": 1758043994005, "stop": 1758043994023, "uuid": "6e33d289-5e3f-4b60-a6c2-b87cea6cee1f", "historyId": "8cb5faa582ef42b7bda085e5ee16fa1d", "testCaseId": "8cb5faa582ef42b7bda085e5ee16fa1d", "fullName": "casatasks.test_task_specfit.specfit_test#test_7", "labels": [{"name": "parentSuite", "value": "casatasks"}, {"name": "suite", "value": "test_task_specfit"}, {"name": "subSuite", "value": "specfit_test"}, {"name": "host", "value": "casa-rockylinux8-amd64-perf07"}, {"name": "thread", "value": "597558-MainThread"}, {"name": "framework", "value": "pytest"}, {"name": "language", "value": "cpython3"}, {"name": "package", "value": "casatasks.test_task_specfit"}], "titlePath": ["casatasks", "test_task_specfit.py", "specfit_test"]}