{"name": "test_el", "status": "failed", "statusDetails": {"message": "AssertionError: False is not true", "trace": "casatasks/test_task_slsearch.py:128: in tearDown\n    self.assertTrue(len(_tb.showcache()) == 0)\nE   AssertionError: False is not true"}, "description": " test various settings of the el parameter", "start": 1758043970766, "stop": 1758043971503, "uuid": "ab3886bf-50fc-43c1-8037-e4ae25c18430", "historyId": "ae8be1c1db161a00f576d8fd2b2e2fcb", "testCaseId": "ae8be1c1db161a00f576d8fd2b2e2fcb", "fullName": "casatasks.test_task_slsearch.slsearch_test#test_el", "labels": [{"name": "parentSuite", "value": "casatasks"}, {"name": "suite", "value": "test_task_slsearch"}, {"name": "subSuite", "value": "slsearch_test"}, {"name": "host", "value": "casa-rockylinux8-amd64-perf07"}, {"name": "thread", "value": "597558-MainThread"}, {"name": "framework", "value": "pytest"}, {"name": "language", "value": "cpython3"}, {"name": "package", "value": "casatasks.test_task_slsearch"}], "titlePath": ["casatasks", "test_task_slsearch.py", "slsearch_test"]}