{"name": "test_13", "status": "failed", "statusDetails": {"message": "AssertionError: False is not true", "trace": "casatasks/test_task_specfit.py:94: in tearDown\n    self.assertTrue(len(self._tb.showcache()) == 0)\nE   AssertionError: False is not true"}, "description": "test setting solution parameter validities ", "attachments": [{"name": "stderr", "source": "85675c76-b00c-4f22-b012-91bd344a1a64-attachment.txt", "type": "text/plain"}], "start": 1758043987079, "stop": 1758043987226, "uuid": "4dc65f44-2979-4daf-b52d-7033aba2261e", "historyId": "59e4fec1470c3f222acbb0d292b0e2db", "testCaseId": "59e4fec1470c3f222acbb0d292b0e2db", "fullName": "casatasks.test_task_specfit.specfit_test#test_13", "labels": [{"name": "parentSuite", "value": "casatasks"}, {"name": "suite", "value": "test_task_specfit"}, {"name": "subSuite", "value": "specfit_test"}, {"name": "host", "value": "casa-rockylinux8-amd64-perf07"}, {"name": "thread", "value": "597558-MainThread"}, {"name": "framework", "value": "pytest"}, {"name": "language", "value": "cpython3"}, {"name": "package", "value": "casatasks.test_task_specfit"}], "titlePath": ["casatasks", "test_task_specfit.py", "specfit_test"]}