{"name": "test_logfile", "status": "failed", "statusDetails": {"message": "AssertionError: False is not true", "trace": "casatasks/test_task_slsearch.py:128: in tearDown\n    self.assertTrue(len(_tb.showcache()) == 0)\nE   AssertionError: False is not true"}, "description": " test various settings of the logfile and append parameters", "start": 1758043973717, "stop": 1758043974614, "uuid": "d360473a-ca8f-4859-b4e8-8f69a4a85052", "historyId": "25164e13792aea216ebc62865adc0d5b", "testCaseId": "25164e13792aea216ebc62865adc0d5b", "fullName": "casatasks.test_task_slsearch.slsearch_test#test_logfile", "labels": [{"name": "parentSuite", "value": "casatasks"}, {"name": "suite", "value": "test_task_slsearch"}, {"name": "subSuite", "value": "slsearch_test"}, {"name": "host", "value": "casa-rockylinux8-amd64-perf07"}, {"name": "thread", "value": "597558-MainThread"}, {"name": "framework", "value": "pytest"}, {"name": "language", "value": "cpython3"}, {"name": "package", "value": "casatasks.test_task_slsearch"}], "titlePath": ["casatasks", "test_task_slsearch.py", "slsearch_test"]}