{"name": "test_6", "status": "failed", "statusDetails": {"message": "AssertionError: False is not true", "trace": "casatasks/test_task_specfit.py:94: in tearDown\n    self.assertTrue(len(self._tb.showcache()) == 0)\nE   AssertionError: False is not true"}, "description": "test results of non-multi-pixel one gaussian fit with estimates file", "start": 1758043993975, "stop": 1758043993992, "uuid": "ce0a6560-016e-46d1-b2cf-a7dd134922aa", "historyId": "32ce6a2c53ac5dfe39ceb499c69d3134", "testCaseId": "32ce6a2c53ac5dfe39ceb499c69d3134", "fullName": "casatasks.test_task_specfit.specfit_test#test_6", "labels": [{"name": "parentSuite", "value": "casatasks"}, {"name": "suite", "value": "test_task_specfit"}, {"name": "subSuite", "value": "specfit_test"}, {"name": "host", "value": "casa-rockylinux8-amd64-perf07"}, {"name": "thread", "value": "597558-MainThread"}, {"name": "framework", "value": "pytest"}, {"name": "language", "value": "cpython3"}, {"name": "package", "value": "casatasks.test_task_specfit"}], "titlePath": ["casatasks", "test_task_specfit.py", "specfit_test"]}