{"name": "test_createImage_regression09", "status": "failed", "statusDetails": {"message": "AssertionError: False is not true : Observed: 691, Expected: 864", "trace": "casatasks/test_task_plotbandpass.py:240: in test_createImage_regression09\n    self.assertTrue(width == 864,\"Observed: {}, Expected: {}\".format(width, 864) )\nE   AssertionError: False is not true : Observed: 691, Expected: 864"}, "description": "test_plotbandpass: test_createImage_regression09", "attachments": [{"name": "stdout", "source": "f50d4647-149e-45ca-8ddb-a412833eec18-attachment.txt", "type": "text/plain"}, {"name": "stderr", "source": "272dc013-8f66-4977-94f3-3311d5cfc390-attachment.txt", "type": "text/plain"}], "start": 1758041007545, "stop": 1758041011339, "uuid": "cd25f787-53da-4d11-a502-ffbc100e05ba", "historyId": "cc87a564fd7b8719419293de25cd12da", "testCaseId": "cc87a564fd7b8719419293de25cd12da", "fullName": "casatasks.test_task_plotbandpass.plotbandpass_1_test#test_createImage_regression09", "labels": [{"name": "parentSuite", "value": "casatasks"}, {"name": "suite", "value": "test_task_plotbandpass"}, {"name": "subSuite", "value": "plotbandpass_1_test"}, {"name": "host", "value": "casa-rockylinux8-amd64-perf07"}, {"name": "thread", "value": "597558-MainThread"}, {"name": "framework", "value": "pytest"}, {"name": "language", "value": "cpython3"}, {"name": "package", "value": "casatasks.test_task_plotbandpass"}], "titlePath": ["casatasks", "test_task_plotbandpass.py", "plotbandpass_1_test"]}