{"name": "test_12", "status": "failed", "statusDetails": {"message": "AssertionError: False is not true", "trace": "casatasks/test_task_specfit.py:94: in tearDown\n    self.assertTrue(len(self._tb.showcache()) == 0)\nE   AssertionError: False is not true"}, "description": "test results of lorentzian fitting", "start": 1758043986337, "stop": 1758043987046, "uuid": "c27aec33-aca7-416e-bc0d-34d62392ad2b", "historyId": "2b85ee309e88b3138dc9b511ea8d27cb", "testCaseId": "2b85ee309e88b3138dc9b511ea8d27cb", "fullName": "casatasks.test_task_specfit.specfit_test#test_12", "labels": [{"name": "parentSuite", "value": "casatasks"}, {"name": "suite", "value": "test_task_specfit"}, {"name": "subSuite", "value": "specfit_test"}, {"name": "host", "value": "casa-rockylinux8-amd64-perf07"}, {"name": "thread", "value": "597558-MainThread"}, {"name": "framework", "value": "pytest"}, {"name": "language", "value": "cpython3"}, {"name": "package", "value": "casatasks.test_task_specfit"}], "titlePath": ["casatasks", "test_task_specfit.py", "specfit_test"]}