{"name": "test_8", "status": "failed", "statusDetails": {"message": "AssertionError: False is not true", "trace": "casatasks/test_task_specfit.py:94: in tearDown\n    self.assertTrue(len(self._tb.showcache()) == 0)\nE   AssertionError: False is not true"}, "description": " Test two gaussian + one polynomial image with estimates", "start": 1758043994036, "stop": 1758043994375, "uuid": "6fbf6d3a-788f-402f-a270-9065243d34da", "historyId": "ff500ad9f224f0a102578d9d0ced7767", "testCaseId": "ff500ad9f224f0a102578d9d0ced7767", "fullName": "casatasks.test_task_specfit.specfit_test#test_8", "labels": [{"name": "parentSuite", "value": "casatasks"}, {"name": "suite", "value": "test_task_specfit"}, {"name": "subSuite", "value": "specfit_test"}, {"name": "host", "value": "casa-rockylinux8-amd64-perf07"}, {"name": "thread", "value": "597558-MainThread"}, {"name": "framework", "value": "pytest"}, {"name": "language", "value": "cpython3"}, {"name": "package", "value": "casatasks.test_task_specfit"}], "titlePath": ["casatasks", "test_task_specfit.py", "specfit_test"]}