{"name": "test_createImage_regression06", "status": "failed", "statusDetails": {"message": "AssertionError: False is not true : Observed: 691, Expected: 864", "trace": "casatasks/test_task_plotbandpass.py:212: in test_createImage_regression06\n    self.assertTrue(width == 864,\"Observed: {}, Expected: {}\".format(width, 864) )\nE   AssertionError: False is not true : Observed: 691, Expected: 864"}, "description": "test_plotbandpass: test_createImage_regression06", "attachments": [{"name": "stdout", "source": "a6039269-49ed-4e1f-8081-9c218149b711-attachment.txt", "type": "text/plain"}, {"name": "stderr", "source": "168f59a9-2b4d-42a1-b266-69fd44711a9a-attachment.txt", "type": "text/plain"}], "start": 1758040845484, "stop": 1758040983002, "uuid": "938ac458-3feb-4371-bfdf-5a9d4e0d4ed3", "historyId": "98297bb39d5bbea1d04bedac78f7e6b3", "testCaseId": "98297bb39d5bbea1d04bedac78f7e6b3", "fullName": "casatasks.test_task_plotbandpass.plotbandpass_1_test#test_createImage_regression06", "labels": [{"name": "parentSuite", "value": "casatasks"}, {"name": "suite", "value": "test_task_plotbandpass"}, {"name": "subSuite", "value": "plotbandpass_1_test"}, {"name": "host", "value": "casa-rockylinux8-amd64-perf07"}, {"name": "thread", "value": "597558-MainThread"}, {"name": "framework", "value": "pytest"}, {"name": "language", "value": "cpython3"}, {"name": "package", "value": "casatasks.test_task_plotbandpass"}], "titlePath": ["casatasks", "test_task_plotbandpass.py", "plotbandpass_1_test"]}