{"name": "test_5", "status": "failed", "statusDetails": {"message": "AssertionError: False is not true", "trace": "casatasks/test_task_specfit.py:94: in tearDown\n    self.assertTrue(len(self._tb.showcache()) == 0)\nE   AssertionError: False is not true"}, "description": "test results of multi-pixel one gaussian fit with estimates file", "start": 1758043993907, "stop": 1758043993961, "uuid": "f1430520-5f7c-49b5-b038-ec40c7185984", "historyId": "5f07fea5539013e29b6207b24ae47831", "testCaseId": "5f07fea5539013e29b6207b24ae47831", "fullName": "casatasks.test_task_specfit.specfit_test#test_5", "labels": [{"name": "parentSuite", "value": "casatasks"}, {"name": "suite", "value": "test_task_specfit"}, {"name": "subSuite", "value": "specfit_test"}, {"name": "host", "value": "casa-rockylinux8-amd64-perf07"}, {"name": "thread", "value": "597558-MainThread"}, {"name": "framework", "value": "pytest"}, {"name": "language", "value": "cpython3"}, {"name": "package", "value": "casatasks.test_task_specfit"}], "titlePath": ["casatasks", "test_task_specfit.py", "specfit_test"]}