{"name": "test_1", "status": "failed", "statusDetails": {"message": "AssertionError: False is not true", "trace": "casatasks/test_task_specfit.py:94: in tearDown\n    self.assertTrue(len(self._tb.showcache()) == 0)\nE   AssertionError: False is not true"}, "description": "Tests of averaging over a region and then fitting", "attachments": [{"name": "stderr", "source": "b0a93290-07b7-492e-96b1-f05e7f5cecdf-attachment.txt", "type": "text/plain"}], "start": 1758043984012, "stop": 1758043984095, "uuid": "90a9e15f-9e48-486b-a40c-40d600cb9247", "historyId": "fa067ab44bdf3da3a489d3846497c1ce", "testCaseId": "fa067ab44bdf3da3a489d3846497c1ce", "fullName": "casatasks.test_task_specfit.specfit_test#test_1", "labels": [{"name": "parentSuite", "value": "casatasks"}, {"name": "suite", "value": "test_task_specfit"}, {"name": "subSuite", "value": "specfit_test"}, {"name": "host", "value": "casa-rockylinux8-amd64-perf07"}, {"name": "thread", "value": "597558-MainThread"}, {"name": "framework", "value": "pytest"}, {"name": "language", "value": "cpython3"}, {"name": "package", "value": "casatasks.test_task_specfit"}], "titlePath": ["casatasks", "test_task_specfit.py", "specfit_test"]}