{"name": "test_exceptions", "status": "failed", "statusDetails": {"message": "AssertionError: False is not true", "trace": "casatasks/test_task_specfit.py:94: in tearDown\n    self.assertTrue(len(self._tb.showcache()) == 0)\nE   AssertionError: False is not true"}, "description": "specfit: Test various exception cases", "attachments": [{"name": "stderr", "source": "c2fe9ab7-30d5-406f-b07d-30fb99cd556e-attachment.txt", "type": "text/plain"}], "start": 1758043994522, "stop": 1758043994576, "uuid": "c58d92d7-8422-4987-bd6b-271465b13844", "historyId": "39f8403fe719e1c8b7124b2e570ff5aa", "testCaseId": "39f8403fe719e1c8b7124b2e570ff5aa", "fullName": "casatasks.test_task_specfit.specfit_test#test_exceptions", "labels": [{"name": "parentSuite", "value": "casatasks"}, {"name": "suite", "value": "test_task_specfit"}, {"name": "subSuite", "value": "specfit_test"}, {"name": "host", "value": "casa-rockylinux8-amd64-perf07"}, {"name": "thread", "value": "597558-MainThread"}, {"name": "framework", "value": "pytest"}, {"name": "language", "value": "cpython3"}, {"name": "package", "value": "casatasks.test_task_specfit"}], "titlePath": ["casatasks", "test_task_specfit.py", "specfit_test"]}