{"name": "test_smu2", "status": "failed", "statusDetails": {"message": "AssertionError: False is not true", "trace": "casatasks/test_task_slsearch.py:128: in tearDown\n    self.assertTrue(len(_tb.showcache()) == 0)\nE   AssertionError: False is not true"}, "description": " test various settings of the smu2 parameter", "start": 1758043975611, "stop": 1758043976050, "uuid": "eb98f057-f5eb-48cd-a3c1-8a0b87c2dc91", "historyId": "2a4befda69d819e39b9918ec33330918", "testCaseId": "2a4befda69d819e39b9918ec33330918", "fullName": "casatasks.test_task_slsearch.slsearch_test#test_smu2", "labels": [{"name": "parentSuite", "value": "casatasks"}, {"name": "suite", "value": "test_task_slsearch"}, {"name": "subSuite", "value": "slsearch_test"}, {"name": "host", "value": "casa-rockylinux8-amd64-perf07"}, {"name": "thread", "value": "597558-MainThread"}, {"name": "framework", "value": "pytest"}, {"name": "language", "value": "cpython3"}, {"name": "package", "value": "casatasks.test_task_slsearch"}], "titlePath": ["casatasks", "test_task_slsearch.py", "slsearch_test"]}