{"name": "test_14", "status": "failed", "statusDetails": {"message": "AssertionError: False is not true", "trace": "casatasks/test_task_specfit.py:94: in tearDown\n    self.assertTrue(len(self._tb.showcache()) == 0)\nE   AssertionError: False is not true"}, "attachments": [{"name": "stderr", "source": "ead7f14e-e189-489b-b385-4c995feb248d-attachment.txt", "type": "text/plain"}], "start": 1758043987240, "stop": 1758043992261, "uuid": "b764236f-dc1e-4f8d-a09f-97a61fa8eb86", "historyId": "9ddf25656e58dd4cd8b0b6a2def4500f", "testCaseId": "9ddf25656e58dd4cd8b0b6a2def4500f", "fullName": "casatasks.test_task_specfit.specfit_test#test_14", "labels": [{"name": "parentSuite", "value": "casatasks"}, {"name": "suite", "value": "test_task_specfit"}, {"name": "subSuite", "value": "specfit_test"}, {"name": "host", "value": "casa-rockylinux8-amd64-perf07"}, {"name": "thread", "value": "597558-MainThread"}, {"name": "framework", "value": "pytest"}, {"name": "language", "value": "cpython3"}, {"name": "package", "value": "casatasks.test_task_specfit"}], "titlePath": ["casatasks", "test_task_specfit.py", "specfit_test"]}