{"name": "test_general", "status": "failed", "statusDetails": {"message": "AssertionError: False is not true", "trace": "casatasks/test_task_specsmooth.py:42: in tearDown\n    self.assertTrue(len(_tb.showcache()) == 0)\nE   AssertionError: False is not true"}, "description": "Test general behavior", "attachments": [{"name": "stderr", "source": "81aa05de-bacd-49e3-a283-3e7383257c0e-attachment.txt", "type": "text/plain"}], "start": 1758044042319, "stop": 1758044042619, "uuid": "7a7f664f-6da8-4042-9078-f3a1a3e235dc", "historyId": "8820fecf4c79d93c97ec9d7f9b3562c2", "testCaseId": "8820fecf4c79d93c97ec9d7f9b3562c2", "fullName": "casatasks.test_task_specsmooth.specsmooth_test#test_general", "labels": [{"name": "parentSuite", "value": "casatasks"}, {"name": "suite", "value": "test_task_specsmooth"}, {"name": "subSuite", "value": "specsmooth_test"}, {"name": "host", "value": "casa-rockylinux8-amd64-perf07"}, {"name": "thread", "value": "597558-MainThread"}, {"name": "framework", "value": "pytest"}, {"name": "language", "value": "cpython3"}, {"name": "package", "value": "casatasks.test_task_specsmooth"}], "titlePath": ["casatasks", "test_task_specsmooth.py", "specsmooth_test"]}