{"name": "test_outfile", "status": "failed", "statusDetails": {"message": "AssertionError: False is not true", "trace": "casatasks/test_task_slsearch.py:128: in tearDown\n    self.assertTrue(len(_tb.showcache()) == 0)\nE   AssertionError: False is not true"}, "description": " test various settings of the outfile parameter", "start": 1758043974623, "stop": 1758043974902, "uuid": "ac6fa916-1096-4d09-a124-9514a96b161c", "historyId": "17bdcc3a4a0039dce1fa296e8f387ec6", "testCaseId": "17bdcc3a4a0039dce1fa296e8f387ec6", "fullName": "casatasks.test_task_slsearch.slsearch_test#test_outfile", "labels": [{"name": "parentSuite", "value": "casatasks"}, {"name": "suite", "value": "test_task_slsearch"}, {"name": "subSuite", "value": "slsearch_test"}, {"name": "host", "value": "casa-rockylinux8-amd64-perf07"}, {"name": "thread", "value": "597558-MainThread"}, {"name": "framework", "value": "pytest"}, {"name": "language", "value": "cpython3"}, {"name": "package", "value": "casatasks.test_task_slsearch"}], "titlePath": ["casatasks", "test_task_slsearch.py", "slsearch_test"]}