{"name": "test_createImage_regression07", "status": "failed", "statusDetails": {"message": "AssertionError: False is not true : Observed: 691, Expected: 864", "trace": "casatasks/test_task_plotbandpass.py:221: in test_createImage_regression07\n    self.assertTrue(width == 864,\"Observed: {}, Expected: {}\".format(width, 864) )\nE   AssertionError: False is not true : Observed: 691, Expected: 864"}, "description": "test_plotbandpass: test_createImage_regression07", "attachments": [{"name": "stdout", "source": "fdae9fe4-b2e7-4edd-a239-b866e1788a90-attachment.txt", "type": "text/plain"}, {"name": "stderr", "source": "9aa69b4f-b0c1-4aca-820f-da52e0374830-attachment.txt", "type": "text/plain"}], "start": 1758040983029, "stop": 1758041003827, "uuid": "2ab8cc96-d491-48fb-a4c0-afa2a1252a08", "historyId": "7f70e22536e9ca923fc515cba04e7bef", "testCaseId": "7f70e22536e9ca923fc515cba04e7bef", "fullName": "casatasks.test_task_plotbandpass.plotbandpass_1_test#test_createImage_regression07", "labels": [{"name": "parentSuite", "value": "casatasks"}, {"name": "suite", "value": "test_task_plotbandpass"}, {"name": "subSuite", "value": "plotbandpass_1_test"}, {"name": "host", "value": "casa-rockylinux8-amd64-perf07"}, {"name": "thread", "value": "597558-MainThread"}, {"name": "framework", "value": "pytest"}, {"name": "language", "value": "cpython3"}, {"name": "package", "value": "casatasks.test_task_plotbandpass"}], "titlePath": ["casatasks", "test_task_plotbandpass.py", "plotbandpass_1_test"]}