{"name": "test_history", "status": "failed", "statusDetails": {"message": "AssertionError: False is not true", "trace": "casatasks/test_task_specsmooth.py:42: in tearDown\n    self.assertTrue(len(_tb.showcache()) == 0)\nE   AssertionError: False is not true"}, "description": "Test history records are written", "attachments": [{"name": "stderr", "source": "9c3043ce-99dc-44c9-84c3-7d980d8bda06-attachment.txt", "type": "text/plain"}], "start": 1758044042623, "stop": 1758044042651, "uuid": "63c06a2b-770b-4abd-a364-0c6e0a79fe99", "historyId": "b5556a26c5ab30580981d5d9cbff4363", "testCaseId": "b5556a26c5ab30580981d5d9cbff4363", "fullName": "casatasks.test_task_specsmooth.specsmooth_test#test_history", "labels": [{"name": "parentSuite", "value": "casatasks"}, {"name": "suite", "value": "test_task_specsmooth"}, {"name": "subSuite", "value": "specsmooth_test"}, {"name": "host", "value": "casa-rockylinux8-amd64-perf07"}, {"name": "thread", "value": "597558-MainThread"}, {"name": "framework", "value": "pytest"}, {"name": "language", "value": "cpython3"}, {"name": "package", "value": "casatasks.test_task_specsmooth"}], "titlePath": ["casatasks", "test_task_specsmooth.py", "specsmooth_test"]}