{"name": "test_stretch", "status": "failed", "statusDetails": {"message": "AssertionError: False is not true", "trace": "casatasks/test_task_specfit.py:94: in tearDown\n    self.assertTrue(len(self._tb.showcache()) == 0)\nE   AssertionError: False is not true"}, "description": "specfit : test mask stretch", "attachments": [{"name": "stderr", "source": "427f4ce9-8517-41f7-ac95-788e756048e0-attachment.txt", "type": "text/plain"}], "start": 1758044041628, "stop": 1758044041675, "uuid": "2ab0ca0b-61b7-4bf3-b9f8-4bf8688beaa3", "historyId": "8b59455bbeadf49214b3e56b6b2c50cb", "testCaseId": "8b59455bbeadf49214b3e56b6b2c50cb", "fullName": "casatasks.test_task_specfit.specfit_test#test_stretch", "labels": [{"name": "parentSuite", "value": "casatasks"}, {"name": "suite", "value": "test_task_specfit"}, {"name": "subSuite", "value": "specfit_test"}, {"name": "host", "value": "casa-rockylinux8-amd64-perf07"}, {"name": "thread", "value": "597558-MainThread"}, {"name": "framework", "value": "pytest"}, {"name": "language", "value": "cpython3"}, {"name": "package", "value": "casatasks.test_task_specfit"}], "titlePath": ["casatasks", "test_task_specfit.py", "specfit_test"]}