{"uid":"3541d64fffc424ae","name":"test_13","fullName":"casatasks.test_task_specfit.specfit_test#test_13","historyId":"59e4fec1470c3f222acbb0d292b0e2db","time":{"start":1758043987079,"stop":1758043987226,"duration":147},"description":"test setting solution parameter validities ","descriptionHtml":"<p>test setting solution parameter validities</p>\n","status":"failed","statusMessage":"AssertionError: False is not true","statusTrace":"casatasks/test_task_specfit.py:94: in tearDown\n    self.assertTrue(len(self._tb.showcache()) == 0)\nE   AssertionError: False is not true","flaky":false,"newFailed":false,"newBroken":false,"newPassed":false,"retriesCount":0,"retriesStatusChange":false,"beforeStages":[{"name":"_unittest_setUpClass_fixture_specfit_test","time":{"start":1758043984012,"stop":1758043984012,"duration":0},"status":"passed","steps":[],"attachments":[],"parameters":[],"shouldDisplayMessage":false,"stepsCount":0,"attachmentsCount":0,"hasContent":false,"attachmentStep":false}],"testStage":{"description":"test setting solution parameter validities ","status":"failed","statusMessage":"AssertionError: False is not true","statusTrace":"casatasks/test_task_specfit.py:94: in tearDown\n    self.assertTrue(len(self._tb.showcache()) == 0)\nE   AssertionError: False is not true","steps":[],"attachments":[{"uid":"e7c64cd84281656d","name":"stderr","source":"e7c64cd84281656d.txt","type":"text/plain","size":315}],"parameters":[],"shouldDisplayMessage":true,"stepsCount":0,"attachmentsCount":1,"hasContent":true,"attachmentStep":false},"afterStages":[{"name":"_unittest_setUpClass_fixture_specfit_test::0","time":{"start":1758044041688,"stop":1758044041688,"duration":0},"status":"passed","steps":[],"attachments":[],"parameters":[],"shouldDisplayMessage":false,"stepsCount":0,"attachmentsCount":0,"hasContent":false,"attachmentStep":false}],"labels":[{"name":"parentSuite","value":"casatasks"},{"name":"suite","value":"test_task_specfit"},{"name":"subSuite","value":"specfit_test"},{"name":"host","value":"casa-rockylinux8-amd64-perf07"},{"name":"thread","value":"597558-MainThread"},{"name":"framework","value":"pytest"},{"name":"language","value":"cpython3"},{"name":"package","value":"casatasks.test_task_specfit"},{"name":"resultFormat","value":"allure2"}],"parameters":[],"links":[],"hidden":false,"retry":false,"extra":{"severity":"normal","retries":[],"categories":[{"name":"Product defects","matchedStatuses":[],"flaky":false}],"history":{"statistic":{"failed":2,"broken":0,"skipped":0,"passed":0,"unknown":0,"total":2},"items":[{"uid":"c2ab6135ae7ea1e2","status":"failed","statusDetails":"AssertionError: False is not true","time":{"start":1758043987079,"stop":1758043987226,"duration":147}}]},"tags":[]},"source":"3541d64fffc424ae.json","parameterValues":[]}