{"uid":"88b134b182b4452a","name":"test_mesSet","fullName":"casatasks.test_task_delmod.delmod_test#test_mesSet","historyId":"e18b93d39945c90edace40917148efb6","time":{"start":1758036882959,"stop":1758036883278,"duration":319},"description":"\n            test_messet\n            -----------------\n            \n            Checks that only a valid MS is accept as input\n            \n            The first assert checks that no severe errors appear in the log when preforming the task on a valid MS\n            The second assert checks that a severe error is raised when the provided MS does not exist\n        ","descriptionHtml":"<pre><code>        test_messet\n        -----------------\n        \n        Checks that only a valid MS is accept as input\n        \n        The first assert checks that no severe errors appear in the log when preforming the task on a valid MS\n        The second assert checks that a severe error is raised when the provided MS does not exist\n</code></pre>\n","status":"failed","statusMessage":"AssertionError: True is not false : delmod raises a severe error when run on a valid MS","statusTrace":"casatasks/test_task_delmod.py:89: in test_mesSet\n    self.assertFalse('SEVERE' in open('testlog.log').read(), msg='delmod raises a severe error when run on a valid MS')\nE   AssertionError: True is not false : delmod raises a severe error when run on a valid MS","flaky":false,"newFailed":false,"newBroken":false,"newPassed":false,"retriesCount":0,"retriesStatusChange":false,"beforeStages":[{"name":"_unittest_setUpClass_fixture_delmod_test","time":{"start":1758036882958,"stop":1758036882958,"duration":0},"status":"passed","steps":[],"attachments":[],"parameters":[],"shouldDisplayMessage":false,"stepsCount":0,"attachmentsCount":0,"hasContent":false,"attachmentStep":false}],"testStage":{"description":"\n            test_messet\n            -----------------\n            \n            Checks that only a valid MS is accept as input\n            \n            The first assert checks that no severe errors appear in the log when preforming the task on a valid MS\n            The second assert checks that a severe error is raised when the provided MS does not exist\n        ","status":"failed","statusMessage":"AssertionError: True is not false : delmod raises a severe error when run on a valid MS","statusTrace":"casatasks/test_task_delmod.py:89: in test_mesSet\n    self.assertFalse('SEVERE' in open('testlog.log').read(), msg='delmod raises a severe error when run on a valid MS')\nE   AssertionError: True is not false : delmod raises a severe error when run on a valid MS","steps":[],"attachments":[{"uid":"37e7f65395215e23","name":"stdout","source":"37e7f65395215e23.txt","type":"text/plain","size":23},{"uid":"60b85b957259207f","name":"stderr","source":"60b85b957259207f.txt","type":"text/plain","size":93}],"parameters":[],"shouldDisplayMessage":true,"stepsCount":0,"attachmentsCount":2,"hasContent":true,"attachmentStep":false},"afterStages":[{"name":"_unittest_setUpClass_fixture_delmod_test::0","time":{"start":1758036884431,"stop":1758036884431,"duration":0},"status":"passed","steps":[],"attachments":[],"parameters":[],"shouldDisplayMessage":false,"stepsCount":0,"attachmentsCount":0,"hasContent":false,"attachmentStep":false}],"labels":[{"name":"parentSuite","value":"casatasks"},{"name":"suite","value":"test_task_delmod"},{"name":"subSuite","value":"delmod_test"},{"name":"host","value":"casa-rockylinux8-amd64-perf07"},{"name":"thread","value":"597558-MainThread"},{"name":"framework","value":"pytest"},{"name":"language","value":"cpython3"},{"name":"package","value":"casatasks.test_task_delmod"},{"name":"resultFormat","value":"allure2"}],"parameters":[],"links":[],"hidden":false,"retry":false,"extra":{"severity":"normal","retries":[],"categories":[{"name":"Product defects","matchedStatuses":[],"flaky":false}],"history":{"statistic":{"failed":2,"broken":0,"skipped":0,"passed":0,"unknown":0,"total":2},"items":[{"uid":"bfafdf11a0baf2f1","status":"failed","statusDetails":"AssertionError: True is not false : delmod raises a severe error when run on a valid MS","time":{"start":1758036882959,"stop":1758036883278,"duration":319}}]},"tags":[]},"source":"88b134b182b4452a.json","parameterValues":[]}