{"uid":"8ec2f3cc1ddbbbfe","name":"test_rrlonly","fullName":"casatasks.test_task_slsearch.slsearch_test#test_rrlonly","historyId":"3b0d49bc74cfa565d747d1bccac9c662","time":{"start":1758043975179,"stop":1758043975603,"duration":424},"description":" test various settings of the rrlonly parameter","descriptionHtml":"<p>test various settings of the rrlonly parameter</p>\n","status":"failed","statusMessage":"AssertionError: False is not true","statusTrace":"casatasks/test_task_slsearch.py:128: in tearDown\n    self.assertTrue(len(_tb.showcache()) == 0)\nE   AssertionError: False is not true","flaky":false,"newFailed":false,"newBroken":false,"newPassed":false,"retriesCount":0,"retriesStatusChange":false,"beforeStages":[{"name":"_unittest_setUpClass_fixture_slsearch_test","time":{"start":1758043969438,"stop":1758043969438,"duration":0},"status":"passed","steps":[],"attachments":[],"parameters":[],"shouldDisplayMessage":false,"stepsCount":0,"attachmentsCount":0,"hasContent":false,"attachmentStep":false}],"afterStages":[{"name":"_unittest_setUpClass_fixture_slsearch_test::0","time":{"start":1758043976950,"stop":1758043976950,"duration":0},"status":"passed","steps":[],"attachments":[],"parameters":[],"shouldDisplayMessage":false,"stepsCount":0,"attachmentsCount":0,"hasContent":false,"attachmentStep":false}],"labels":[{"name":"parentSuite","value":"casatasks"},{"name":"suite","value":"test_task_slsearch"},{"name":"subSuite","value":"slsearch_test"},{"name":"host","value":"casa-rockylinux8-amd64-perf07"},{"name":"thread","value":"597558-MainThread"},{"name":"framework","value":"pytest"},{"name":"language","value":"cpython3"},{"name":"package","value":"casatasks.test_task_slsearch"},{"name":"resultFormat","value":"allure2"}],"parameters":[],"links":[],"hidden":false,"retry":false,"extra":{"severity":"normal","retries":[],"categories":[{"name":"Product defects","matchedStatuses":[],"flaky":false}],"history":{"statistic":{"failed":2,"broken":0,"skipped":0,"passed":0,"unknown":0,"total":2},"items":[{"uid":"b0c0ca9c2701c879","status":"failed","statusDetails":"AssertionError: False is not true","time":{"start":1758043975179,"stop":1758043975603,"duration":424}}]},"tags":[]},"source":"8ec2f3cc1ddbbbfe.json","parameterValues":[]}