{"uid":"eabd9e462ff4fd4e","name":"test_history","fullName":"casatasks.test_task_specsmooth.specsmooth_test#test_history","historyId":"b5556a26c5ab30580981d5d9cbff4363","time":{"start":1758044042623,"stop":1758044042651,"duration":28},"description":"Test history records are written","descriptionHtml":"<p>Test history records are written</p>\n","status":"failed","statusMessage":"AssertionError: False is not true","statusTrace":"casatasks/test_task_specsmooth.py:42: in tearDown\n    self.assertTrue(len(_tb.showcache()) == 0)\nE   AssertionError: False is not true","flaky":false,"newFailed":false,"newBroken":false,"newPassed":false,"retriesCount":0,"retriesStatusChange":false,"beforeStages":[{"name":"_unittest_setUpClass_fixture_specsmooth_test","time":{"start":1758044042319,"stop":1758044042319,"duration":0},"status":"passed","steps":[],"attachments":[],"parameters":[],"shouldDisplayMessage":false,"stepsCount":0,"attachmentsCount":0,"hasContent":false,"attachmentStep":false}],"testStage":{"description":"Test history records are written","status":"failed","statusMessage":"AssertionError: False is not true","statusTrace":"casatasks/test_task_specsmooth.py:42: in tearDown\n    self.assertTrue(len(_tb.showcache()) == 0)\nE   AssertionError: False is not true","steps":[],"attachments":[{"uid":"c1519475846274f2","name":"stderr","source":"c1519475846274f2.txt","type":"text/plain","size":130}],"parameters":[],"shouldDisplayMessage":true,"stepsCount":0,"attachmentsCount":1,"hasContent":true,"attachmentStep":false},"afterStages":[{"name":"_unittest_setUpClass_fixture_specsmooth_test::0","time":{"start":1758044042653,"stop":1758044042653,"duration":0},"status":"passed","steps":[],"attachments":[],"parameters":[],"shouldDisplayMessage":false,"stepsCount":0,"attachmentsCount":0,"hasContent":false,"attachmentStep":false}],"labels":[{"name":"parentSuite","value":"casatasks"},{"name":"suite","value":"test_task_specsmooth"},{"name":"subSuite","value":"specsmooth_test"},{"name":"host","value":"casa-rockylinux8-amd64-perf07"},{"name":"thread","value":"597558-MainThread"},{"name":"framework","value":"pytest"},{"name":"language","value":"cpython3"},{"name":"package","value":"casatasks.test_task_specsmooth"},{"name":"resultFormat","value":"allure2"}],"parameters":[],"links":[],"hidden":false,"retry":false,"extra":{"severity":"normal","retries":[],"categories":[{"name":"Product defects","matchedStatuses":[],"flaky":false}],"history":{"statistic":{"failed":2,"broken":0,"skipped":0,"passed":0,"unknown":0,"total":2},"items":[{"uid":"a6d4719e0ae8b1ae","status":"failed","statusDetails":"AssertionError: False is not true","time":{"start":1758044042623,"stop":1758044042651,"duration":28}}]},"tags":[]},"source":"eabd9e462ff4fd4e.json","parameterValues":[]}